<?xml version="1.0" encoding="UTF-8"?>
<!-- Generated by org.testng.reporters.JUnitReportReporter -->
<testsuite hostname="DESKTOP-J11RMNP" failures="0" tests="1" name="tests.GetRequestForAutomation" time="1.274" errors="0" timestamp="2025-09-02T01:06:50 WAT" skipped="0">
  <testcase classname="tests.GetRequestForAutomation" name="testGetUsers" time="1.274"/>
</testsuite> <!-- tests.GetRequestForAutomation -->
